<?xml version="1.0" encoding="UTF-8"?>
<!-- Generated by org.testng.reporters.JUnitReportReporter -->
<testsuite hostname="DESKTOP-8REHEA8" name="test.Cases.OneWaySearch" tests="1" failures="0" timestamp="10 Sep 2018 17:57:15 GMT" time="13.822" errors="0">
  <testcase name="Search" time="13.822" classname="test.Cases.OneWaySearch"/>
</testsuite> <!-- test.Cases.OneWaySearch -->
